<?xml version="1.0" encoding="UTF-8"?>
<testng-results ignored="0" total="2" passed="2" failed="0" skipped="0">
  <reporter-output>
  </reporter-output>
  <suite started-at="2026-01-07T23:03:21 IST" name="Master Suite" finished-at="2026-01-07T23:03:40 IST" duration-ms="18845">
    <groups>
      <group name="regression">
        <method signature="TC_loginTest.verifyLogin()[pri:0, instance:testCases.TC_loginTest@2362f559]" name="verifyLogin" class="testCases.TC_loginTest"/>
      </group> <!-- regression -->
      <group name="sanity">
        <method signature="TC_AccountRegistration.verify_account_registration()[pri:0, instance:testCases.TC_AccountRegistration@8297b3a]" name="verify_account_registration" class="testCases.TC_AccountRegistration"/>
      </group> <!-- sanity -->
    </groups>
    <test started-at="2026-01-07T23:03:21 IST" name="chrome" finished-at="2026-01-07T23:03:40 IST" duration-ms="18845">
      <class name="testCases.TC_AccountRegistration">
        <test-method is-config="true" signature="setUp(java.lang.String,java.lang.String)[pri:0, instance:testCases.TC_AccountRegistration@8297b3a]" started-at="2026-01-07T23:03:22 IST" name="setUp" finished-at="2026-01-07T23:03:28 IST" duration-ms="6417" status="PASS">
          <params>
            <param index="0">
              <value>
                <![CDATA[Windows]]>
              </value>
            </param>
            <param index="1">
              <value>
                <![CDATA[chrome]]>
              </value>
            </param>
          </params>
          <reporter-output>
          </reporter-output>
        </test-method> <!-- setUp -->
        <test-method signature="verify_account_registration()[pri:0, instance:testCases.TC_AccountRegistration@8297b3a]" started-at="2026-01-07T23:03:28 IST" name="verify_account_registration" finished-at="2026-01-07T23:03:32 IST" duration-ms="3561" status="PASS">
          <reporter-output>
          </reporter-output>
        </test-method> <!-- verify_account_registration -->
        <test-method is-config="true" signature="tearDown()[pri:0, instance:testCases.TC_AccountRegistration@8297b3a]" started-at="2026-01-07T23:03:32 IST" name="tearDown" finished-at="2026-01-07T23:03:32 IST" duration-ms="627" status="PASS">
          <reporter-output>
          </reporter-output>
        </test-method> <!-- tearDown -->
      </class> <!-- testCases.TC_AccountRegistration -->
      <class name="testCases.TC_loginTest">
        <test-method is-config="true" signature="setUp(java.lang.String,java.lang.String)[pri:0, instance:testCases.TC_loginTest@2362f559]" started-at="2026-01-07T23:03:32 IST" name="setUp" finished-at="2026-01-07T23:03:36 IST" duration-ms="3994" status="PASS">
          <params>
            <param index="0">
              <value>
                <![CDATA[Windows]]>
              </value>
            </param>
            <param index="1">
              <value>
                <![CDATA[chrome]]>
              </value>
            </param>
          </params>
          <reporter-output>
          </reporter-output>
        </test-method> <!-- setUp -->
        <test-method signature="verifyLogin()[pri:0, instance:testCases.TC_loginTest@2362f559]" started-at="2026-01-07T23:03:36 IST" name="verifyLogin" finished-at="2026-01-07T23:03:39 IST" duration-ms="2790" status="PASS">
          <reporter-output>
          </reporter-output>
        </test-method> <!-- verifyLogin -->
        <test-method is-config="true" signature="tearDown()[pri:0, instance:testCases.TC_loginTest@2362f559]" started-at="2026-01-07T23:03:39 IST" name="tearDown" finished-at="2026-01-07T23:03:40 IST" duration-ms="742" status="PASS">
          <reporter-output>
          </reporter-output>
        </test-method> <!-- tearDown -->
      </class> <!-- testCases.TC_loginTest -->
    </test> <!-- chrome -->
  </suite> <!-- Master Suite -->
</testng-results>
